<?xml version="1.0" encoding="UTF-8"?>
<!-- Generated by org.testng.reporters.JUnitReportReporter -->
<testsuite hostname="DESKTOP-C9L0CMF" failures="0" tests="4" name="com.qa.testscripts.Amazon_Search_001" time="19.711" errors="0" timestamp="2021-09-02T16:12:12 IST" skipped="0">
  <testcase classname="com.qa.testscripts.Amazon_Search_001" name="SearchItem" time="6.833"/>
  <system-out/>
  <testcase classname="com.qa.testscripts.Amazon_Search_001" name="SearchItem" time="3.190"/>
  <system-out/>
  <testcase classname="com.qa.testscripts.Amazon_Search_001" name="SearchItem" time="3.585"/>
  <system-out/>
  <testcase classname="com.qa.testscripts.Amazon_Search_001" name="SearchItem" time="6.103"/>
  <system-out/>
</testsuite> <!-- com.qa.testscripts.Amazon_Search_001 -->
