<?xml version="1.0" encoding="UTF-8"?>
<!-- Generated by org.testng.reporters.JUnitReportReporter -->
<testsuite hostname="DESKTOP-C9L0CMF" failures="0" tests="1" name="com.qa.testscripts.Amazon_Search_002" time="21.085" errors="0" timestamp="2021-09-02T16:12:12 IST" skipped="0">
  <testcase classname="com.qa.testscripts.Amazon_Search_002" name="Search" time="21.085"/>
  <system-out/>
</testsuite> <!-- com.qa.testscripts.Amazon_Search_002 -->
