<?xml version="1.0" encoding="UTF-8"?>
<!-- Generated by org.testng.reporters.JUnitReportReporter -->
<testsuite hostname="DESKTOP-C9L0CMF" failures="0" tests="3" name="com.qa.testscripts.Screenshot" time="14.919" errors="0" timestamp="2021-09-02T16:12:12 IST" skipped="0">
  <testcase classname="com.qa.testscripts.Screenshot" name="screenshotOfElement" time="1.404"/>
  <system-out/>
  <testcase classname="com.qa.testscripts.Screenshot" name="screenshotOfDriver" time="0.840"/>
  <system-out/>
  <testcase classname="com.qa.testscripts.Screenshot" name="screenshotOfFullPage" time="12.675"/>
  <system-out/>
</testsuite> <!-- com.qa.testscripts.Screenshot -->
